<?xml version="1.0" encoding="UTF-8"?>
<robot generator="Robot 6.0.2 (Python 3.9.6 on darwin)" generated="20250701 15:43:36.919" rpa="false" schemaversion="3">
<suite id="s1" name="Saucedemo" source="/Users/amelia/PycharmProjects/inosoft-technical-test-amelia/saucedemo.robot">
<kw name="Open Browser To Login Page" type="SETUP">
<kw name="Evaluate" library="BuiltIn">
<var>${options}</var>
<arg>sys.modules['selenium.webdriver'].ChromeOptions()</arg>
<arg>sys</arg>
<doc>Evaluates the given expression in Python and returns the result.</doc>
<msg timestamp="20250701 15:43:37.007" level="INFO">${options} = &lt;selenium.webdriver.chrome.options.Options object at 0x104701a00&gt;</msg>
<status status="PASS" starttime="20250701 15:43:37.007" endtime="20250701 15:43:37.007"/>
</kw>
<kw name="Call Method" library="BuiltIn">
<arg>${options}</arg>
<arg>add_argument</arg>
<arg>--incognito</arg>
<doc>Calls the named method of the given object with the provided arguments.</doc>
<status status="PASS" starttime="20250701 15:43:37.007" endtime="20250701 15:43:37.008"/>
</kw>
<kw name="Create Dictionary" library="BuiltIn">
<var>${prefs}</var>
<arg>credentials_enable_service=${False}</arg>
<arg>profile.password_manager_enabled=${False}</arg>
<doc>Creates and returns a dictionary based on the given ``items``.</doc>
<msg timestamp="20250701 15:43:37.008" level="INFO">${prefs} = {'credentials_enable_service': False, 'profile.password_manager_enabled': False}</msg>
<status status="PASS" starttime="20250701 15:43:37.008" endtime="20250701 15:43:37.008"/>
</kw>
<kw name="Call Method" library="BuiltIn">
<arg>${options}</arg>
<arg>add_experimental_option</arg>
<arg>prefs</arg>
<arg>${prefs}</arg>
<doc>Calls the named method of the given object with the provided arguments.</doc>
<status status="PASS" starttime="20250701 15:43:37.008" endtime="20250701 15:43:37.008"/>
</kw>
<kw name="Create Webdriver" library="SeleniumLibrary">
<arg>Chrome</arg>
<arg>options=${options}</arg>
<doc>Creates an instance of Selenium WebDriver.</doc>
<msg timestamp="20250701 15:43:37.008" level="INFO">Creating an instance of the Chrome WebDriver.</msg>
<status status="PASS" starttime="20250701 15:43:37.008" endtime="20250701 15:43:38.661"/>
</kw>
<kw name="Maximize Browser Window" library="SeleniumLibrary">
<doc>Maximizes current browser window.</doc>
<status status="PASS" starttime="20250701 15:43:38.662" endtime="20250701 15:43:39.011"/>
</kw>
<kw name="Go To" library="SeleniumLibrary">
<arg>${URL}</arg>
<doc>Navigates the current browser window to the provided ``url``.</doc>
<msg timestamp="20250701 15:43:39.011" level="INFO">Opening url 'https://www.saucedemo.com/'</msg>
<status status="PASS" starttime="20250701 15:43:39.011" endtime="20250701 15:43:40.679"/>
</kw>
<kw name="Wait Until Page Contains Element" library="SeleniumLibrary">
<arg>id=user-name</arg>
<arg>timeout=20s</arg>
<doc>Waits until the element ``locator`` appears on the current page.</doc>
<status status="PASS" starttime="20250701 15:43:40.680" endtime="20250701 15:43:40.696"/>
</kw>
<status status="PASS" starttime="20250701 15:43:37.007" endtime="20250701 15:43:40.696"/>
</kw>
<test id="s1-t1" name="Successful Purchase Flow" line="17">
<kw name="Generate Random Password">
<var>${random_pass}</var>
<kw name="Generate Random String" library="String">
<var>${password}</var>
<arg>8</arg>
<arg>[LETTERS][NUMBERS]</arg>
<doc>Generates a string with a desired ``length`` from the given ``chars``.</doc>
<msg timestamp="20250701 15:43:40.697" level="INFO">${password} = aculYziT</msg>
<status status="PASS" starttime="20250701 15:43:40.697" endtime="20250701 15:43:40.697"/>
</kw>
<msg timestamp="20250701 15:43:40.698" level="INFO">${random_pass} = aculYziT</msg>
<status status="PASS" starttime="20250701 15:43:40.697" endtime="20250701 15:43:40.698"/>
</kw>
<kw name="Login With Credentials">
<arg>${VALID_USER}</arg>
<arg>secret_sauce</arg>
<kw name="Input Text" library="SeleniumLibrary">
<arg>id=user-name</arg>
<arg>${username}</arg>
<doc>Types the given ``text`` into the text field identified by ``locator``.</doc>
<msg timestamp="20250701 15:43:40.698" level="INFO">Typing text 'standard_user' into text field 'id=user-name'.</msg>
<status status="PASS" starttime="20250701 15:43:40.698" endtime="20250701 15:43:40.924"/>
</kw>
<kw name="Input Text" library="SeleniumLibrary">
<arg>id=password</arg>
<arg>${password}</arg>
<doc>Types the given ``text`` into the text field identified by ``locator``.</doc>
<msg timestamp="20250701 15:43:40.925" level="INFO">Typing text 'secret_sauce' into text field 'id=password'.</msg>
<status status="PASS" starttime="20250701 15:43:40.924" endtime="20250701 15:43:40.961"/>
</kw>
<kw name="Click Button" library="SeleniumLibrary">
<arg>id=login-button</arg>
<doc>Clicks the button identified by ``locator``.</doc>
<msg timestamp="20250701 15:43:40.962" level="INFO">Clicking button 'id=login-button'.</msg>
<status status="PASS" starttime="20250701 15:43:40.961" endtime="20250701 15:43:41.008"/>
</kw>
<status status="PASS" starttime="20250701 15:43:40.698" endtime="20250701 15:43:41.008"/>
</kw>
<kw name="Add Product To Cart">
<kw name="Click Element" library="SeleniumLibrary">
<arg>xpath=//div[text()='Sauce Labs Backpack']</arg>
<doc>Click the element identified by ``locator``.</doc>
<msg timestamp="20250701 15:43:41.012" level="INFO">Clicking element 'xpath=//div[text()='Sauce Labs Backpack']'.</msg>
<status status="PASS" starttime="20250701 15:43:41.011" endtime="20250701 15:43:41.057"/>
</kw>
<kw name="Click Button" library="SeleniumLibrary">
<arg>xpath=//button[text()='Add to cart']</arg>
<doc>Clicks the button identified by ``locator``.</doc>
<msg timestamp="20250701 15:43:41.058" level="INFO">Clicking button 'xpath=//button[text()='Add to cart']'.</msg>
<status status="PASS" starttime="20250701 15:43:41.057" endtime="20250701 15:43:41.094"/>
</kw>
<kw name="Click Element" library="SeleniumLibrary">
<arg>id=shopping_cart_container</arg>
<doc>Click the element identified by ``locator``.</doc>
<msg timestamp="20250701 15:43:41.094" level="INFO">Clicking element 'id=shopping_cart_container'.</msg>
<status status="PASS" starttime="20250701 15:43:41.094" endtime="20250701 15:43:41.121"/>
</kw>
<status status="PASS" starttime="20250701 15:43:41.009" endtime="20250701 15:43:41.121"/>
</kw>
<kw name="Proceed To Checkout">
<kw name="Wait Until Element Is Visible" library="SeleniumLibrary">
<arg>id=checkout</arg>
<arg>timeout=20s</arg>
<doc>Waits until the element ``locator`` is visible.</doc>
<status status="PASS" starttime="20250701 15:43:41.121" endtime="20250701 15:43:41.133"/>
</kw>
<kw name="Click Button" library="SeleniumLibrary">
<arg>id=checkout</arg>
<doc>Clicks the button identified by ``locator``.</doc>
<msg timestamp="20250701 15:43:41.133" level="INFO">Clicking button 'id=checkout'.</msg>
<status status="PASS" starttime="20250701 15:43:41.133" endtime="20250701 15:43:41.162"/>
</kw>
<kw name="Input Text" library="SeleniumLibrary">
<arg>id=first-name</arg>
<arg>John</arg>
<doc>Types the given ``text`` into the text field identified by ``locator``.</doc>
<msg timestamp="20250701 15:43:41.163" level="INFO">Typing text 'John' into text field 'id=first-name'.</msg>
<status status="PASS" starttime="20250701 15:43:41.163" endtime="20250701 15:43:41.208"/>
</kw>
<kw name="Input Text" library="SeleniumLibrary">
<arg>id=last-name</arg>
<arg>Doe</arg>
<doc>Types the given ``text`` into the text field identified by ``locator``.</doc>
<msg timestamp="20250701 15:43:41.208" level="INFO">Typing text 'Doe' into text field 'id=last-name'.</msg>
<status status="PASS" starttime="20250701 15:43:41.208" endtime="20250701 15:43:41.238"/>
</kw>
<kw name="Input Text" library="SeleniumLibrary">
<arg>id=postal-code</arg>
<arg>12345</arg>
<doc>Types the given ``text`` into the text field identified by ``locator``.</doc>
<msg timestamp="20250701 15:43:41.238" level="INFO">Typing text '12345' into text field 'id=postal-code'.</msg>
<status status="PASS" starttime="20250701 15:43:41.238" endtime="20250701 15:43:41.268"/>
</kw>
<kw name="Click Button" library="SeleniumLibrary">
<arg>id=continue</arg>
<doc>Clicks the button identified by ``locator``.</doc>
<msg timestamp="20250701 15:43:41.268" level="INFO">Clicking button 'id=continue'.</msg>
<status status="PASS" starttime="20250701 15:43:41.268" endtime="20250701 15:43:41.304"/>
</kw>
<kw name="Click Button" library="SeleniumLibrary">
<arg>id=finish</arg>
<doc>Clicks the button identified by ``locator``.</doc>
<msg timestamp="20250701 15:43:41.304" level="INFO">Clicking button 'id=finish'.</msg>
<status status="PASS" starttime="20250701 15:43:41.304" endtime="20250701 15:43:41.335"/>
</kw>
<status status="PASS" starttime="20250701 15:43:41.121" endtime="20250701 15:43:41.336"/>
</kw>
<kw name="Assert Successful Purchase">
<kw name="Page Should Contain" library="SeleniumLibrary">
<arg>Thank you for your order!</arg>
<doc>Verifies that current page contains ``text``.</doc>
<msg timestamp="20250701 15:43:41.345" level="INFO">Current page contains text 'Thank you for your order!'.</msg>
<status status="PASS" starttime="20250701 15:43:41.336" endtime="20250701 15:43:41.345"/>
</kw>
<status status="PASS" starttime="20250701 15:43:41.336" endtime="20250701 15:43:41.345"/>
</kw>
<tag>Positive</tag>
<status status="PASS" starttime="20250701 15:43:40.696" endtime="20250701 15:43:41.345"/>
</test>
<test id="s1-t2" name="Invalid Login Attempt" line="26">
<kw name="Generate Random Password">
<var>${random_pass}</var>
<kw name="Generate Random String" library="String">
<var>${password}</var>
<arg>8</arg>
<arg>[LETTERS][NUMBERS]</arg>
<doc>Generates a string with a desired ``length`` from the given ``chars``.</doc>
<msg timestamp="20250701 15:43:41.346" level="INFO">${password} = b80A3DVc</msg>
<status status="PASS" starttime="20250701 15:43:41.346" endtime="20250701 15:43:41.346"/>
</kw>
<msg timestamp="20250701 15:43:41.346" level="INFO">${random_pass} = b80A3DVc</msg>
<status status="PASS" starttime="20250701 15:43:41.345" endtime="20250701 15:43:41.346"/>
</kw>
<kw name="Go To Login Page">
<kw name="Go To" library="SeleniumLibrary">
<arg>${URL}</arg>
<doc>Navigates the current browser window to the provided ``url``.</doc>
<msg timestamp="20250701 15:43:41.346" level="INFO">Opening url 'https://www.saucedemo.com/'</msg>
<status status="PASS" starttime="20250701 15:43:41.346" endtime="20250701 15:43:41.371"/>
</kw>
<kw name="Wait Until Page Contains Element" library="SeleniumLibrary">
<arg>id=user-name</arg>
<arg>timeout=20s</arg>
<doc>Waits until the element ``locator`` appears on the current page.</doc>
<status status="PASS" starttime="20250701 15:43:41.371" endtime="20250701 15:43:41.375"/>
</kw>
<status status="PASS" starttime="20250701 15:43:41.346" endtime="20250701 15:43:41.376"/>
</kw>
<kw name="Login With Credentials">
<arg>${INVALID_USER}</arg>
<arg>${random_pass}</arg>
<kw name="Input Text" library="SeleniumLibrary">
<arg>id=user-name</arg>
<arg>${username}</arg>
<doc>Types the given ``text`` into the text field identified by ``locator``.</doc>
<msg timestamp="20250701 15:43:41.376" level="INFO">Typing text 'invalid_user' into text field 'id=user-name'.</msg>
<status status="PASS" starttime="20250701 15:43:41.376" endtime="20250701 15:43:41.417"/>
</kw>
<kw name="Input Text" library="SeleniumLibrary">
<arg>id=password</arg>
<arg>${password}</arg>
<doc>Types the given ``text`` into the text field identified by ``locator``.</doc>
<msg timestamp="20250701 15:43:41.417" level="INFO">Typing text 'b80A3DVc' into text field 'id=password'.</msg>
<status status="PASS" starttime="20250701 15:43:41.417" endtime="20250701 15:43:41.446"/>
</kw>
<kw name="Click Button" library="SeleniumLibrary">
<arg>id=login-button</arg>
<doc>Clicks the button identified by ``locator``.</doc>
<msg timestamp="20250701 15:43:41.446" level="INFO">Clicking button 'id=login-button'.</msg>
<status status="PASS" starttime="20250701 15:43:41.446" endtime="20250701 15:43:41.492"/>
</kw>
<status status="PASS" starttime="20250701 15:43:41.376" endtime="20250701 15:43:41.492"/>
</kw>
<kw name="Assert Invalid Login Error">
<kw name="Wait Until Element Is Visible" library="SeleniumLibrary">
<arg>xpath=//*[@id="login_button_container"]/div/form/div[3]/h3</arg>
<doc>Waits until the element ``locator`` is visible.</doc>
<status status="PASS" starttime="20250701 15:43:41.493" endtime="20250701 15:43:41.503"/>
</kw>
<kw name="Page Should Contain Element" library="SeleniumLibrary">
<arg>xpath=//*[@id="login_button_container"]/div/form/div[3]/h3</arg>
<doc>Verifies that element ``locator`` is found on the current page.</doc>
<msg timestamp="20250701 15:43:41.506" level="INFO">Current page contains element 'xpath=//*[@id="login_button_container"]/div/form/div[3]/h3'.</msg>
<status status="PASS" starttime="20250701 15:43:41.503" endtime="20250701 15:43:41.506"/>
</kw>
<status status="PASS" starttime="20250701 15:43:41.493" endtime="20250701 15:43:41.506"/>
</kw>
<tag>Negative</tag>
<status status="PASS" starttime="20250701 15:43:41.345" endtime="20250701 15:43:41.506"/>
</test>
<kw name="Close Browser" library="SeleniumLibrary" type="TEARDOWN">
<doc>Closes the current browser.</doc>
<status status="PASS" starttime="20250701 15:43:41.507" endtime="20250701 15:43:41.575"/>
</kw>
<status status="PASS" starttime="20250701 15:43:36.920" endtime="20250701 15:43:41.575"/>
</suite>
<statistics>
<total>
<stat pass="2" fail="0" skip="0">All Tests</stat>
</total>
<tag>
<stat pass="1" fail="0" skip="0">Negative</stat>
<stat pass="1" fail="0" skip="0">Positive</stat>
</tag>
<suite>
<stat pass="2" fail="0" skip="0" id="s1" name="Saucedemo">Saucedemo</stat>
</suite>
</statistics>
<errors>
</errors>
</robot>
